<?xml version="1.0" encoding="UTF-8"?>
<!-- Generated by org.testng.reporters.JUnitReportReporter -->
<testsuite hostname="WINDOWS-C86J0N0" failures="0" tests="1" name="com.qualitystream.code.examples.CheckDownloadFile" time="1.226" errors="0" timestamp="2021-01-16T00:54:09 BOT" skipped="0">
  <testcase classname="com.qualitystream.code.examples.CheckDownloadFile" name="checkDownloadFile" time="1.226"/>
  <system-out/>
</testsuite> <!-- com.qualitystream.code.examples.CheckDownloadFile -->
