<?xml version="1.0" encoding="UTF-8"?>
<!-- Generated by org.testng.reporters.JUnitReportReporter -->
<testsuite hostname="WINDOWS-C86J0N0" failures="0" tests="1" name="com.qualitystream.code.examples.DownloadFile" time="2.603" errors="0" timestamp="2021-01-16T00:22:31 BOT" skipped="0">
  <testcase classname="com.qualitystream.code.examples.DownloadFile" name="downLoadFile" time="2.603"/>
  <system-out/>
</testsuite> <!-- com.qualitystream.code.examples.DownloadFile -->
